% BatcherQueue	CReqBatcher	Replica-0-Forward	Replica-1-Forward	Replica-2-Forward	ReplicaIOSnd-1	ReplicaIOSnd-2	ReqManExec	pendingCReqs	pendingProposals	alpha
10204	0	0	0	0	0	0	0	0	0	0	0
10404	0	0	0	0	0	0	0	0	0	0	0
10604	0	0	0	0	0	0	0	0	0	0	0
10805	0	0	0	0	0	0	0	0	0	0	0
11006	0	0	0	0	0	0	0	0	0	0	0
11207	0	0	0	0	0	0	0	0	0	0	0
11407	0	0	0	0	0	0	0	0	0	0	0
11607	0	0	0	0	0	0	0	0	0	0	0
11807	0	0	0	0	0	0	0	0	0	0	0
12008	0	0	0	0	0	0	0	0	0	0	0
12208	0	0	0	0	0	0	0	0	0	0	0
12408	0	0	0	0	0	0	0	0	0	0	0
12609	0	0	0	0	0	0	0	0	0	0	0
12809	0	0	0	0	0	0	0	0	0	0	0
13009	0	0	0	0	0	0	0	0	0	0	0
13209	0	0	0	0	0	0	0	0	0	0	0
13409	0	0	0	0	0	0	0	0	0	0	0
13610	0	0	0	0	0	0	0	0	0	0	0
13810	0	0	0	0	0	0	0	0	0	0	0
14010	0	0	0	0	0	0	0	0	0	0	0
14210	0	0	0	0	0	0	0	0	0	0	0
14411	0	0	0	0	0	0	0	0	0	0	0
14611	0	0	0	0	0	0	0	0	0	0	0
14811	0	0	0	0	0	0	0	0	0	0	0
15011	0	0	0	0	0	0	0	0	0	0	0
15212	0	0	0	0	0	0	0	0	0	0	0
15412	0	0	0	0	0	0	0	0	0	0	0
15612	0	0	0	0	0	0	0	0	0	0	0
15812	0	0	0	0	0	0	0	0	0	0	0
16013	0	0	0	0	0	0	0	0	0	0	0
16213	0	0	0	0	0	0	0	0	0	0	0
16413	0	0	0	0	0	0	0	0	0	0	0
16613	0	0	0	0	0	0	0	0	0	0	0
16813	0	0	0	0	0	0	0	0	0	0	0
17014	0	0	0	0	0	0	0	0	0	0	0
17214	0	0	0	0	0	0	0	0	0	0	0
17414	0	0	0	0	0	0	0	0	0	0	0
17614	0	0	0	0	0	0	0	0	0	0	0
17814	0	0	0	0	0	0	0	0	0	0	0
18015	0	0	0	0	0	0	0	0	0	0	0
18215	0	0	0	0	0	0	0	0	0	0	0
18415	0	0	0	0	0	0	0	0	0	0	0
18615	0	0	0	0	0	0	0	0	0	0	0
18815	0	0	0	0	0	0	0	0	0	0	0
19016	0	0	0	0	0	0	0	0	0	0	0
19216	0	0	0	0	0	0	0	0	0	0	0
19416	0	0	0	0	0	0	0	0	0	0	0
19616	0	0	0	0	0	0	0	0	0	0	0
19816	0	0	0	0	0	0	0	0	0	0	0
20016	0	0	0	0	0	0	0	0	0	0	0
20217	0	0	0	0	0	0	0	0	0	0	0
20417	0	0	0	0	0	0	0	0	0	0	0
20617	0	0	0	0	0	0	0	0	0	0	0
20817	0	0	0	0	0	0	0	0	0	0	0
21017	0	0	0	0	0	0	0	0	0	0	0
21218	0	0	0	0	0	0	0	0	0	0	0
21418	0	0	0	0	0	0	0	0	0	0	0
21618	0	0	0	0	0	0	0	0	0	0	0
21818	0	0	0	0	0	0	0	0	0	0	0
22018	0	0	0	0	0	0	0	0	0	0	0
22219	0	0	0	0	0	0	0	0	0	0	0
22419	0	0	0	0	0	0	0	0	0	0	0
22619	0	0	0	0	0	0	0	0	0	0	0
22819	0	0	0	0	0	0	0	0	0	0	0
23020	0	0	0	0	0	0	0	0	0	0	0
23220	0	0	0	0	0	0	0	0	0	0	0
23420	0	0	0	0	0	0	0	0	0	0	0
23620	0	0	0	0	0	0	0	0	0	0	0
23820	0	0	0	0	0	0	0	0	0	0	0
24020	0	0	0	0	0	0	0	0	0	0	0
24221	0	0	0	0	0	0	0	0	0	0	0
24421	0	0	0	0	0	0	0	0	0	0	0
24621	0	0	0	0	0	0	0	0	0	0	0
24821	0	0	0	0	0	0	0	0	0	0	0
25022	0	0	0	0	0	0	0	0	0	0	0
25222	0	0	0	0	0	0	0	0	0	0	0
25422	0	0	0	0	0	0	0	0	0	0	0
25622	0	0	0	0	0	0	0	0	0	0	0
25823	0	0	0	0	0	0	0	0	0	0	0
26023	0	0	0	0	0	0	0	0	0	0	0
26223	0	0	0	0	0	0	0	0	0	0	0
26423	0	0	0	0	0	0	0	0	0	0	0
26623	0	0	0	0	0	0	0	0	0	0	0
26824	0	0	0	0	0	0	0	0	0	0	0
27024	0	0	0	0	0	0	0	0	0	0	0
27224	0	0	0	0	0	0	0	0	0	0	0
27424	0	0	0	0	0	0	0	0	0	0	0
27624	0	0	0	0	0	0	0	0	0	0	0
27825	0	0	0	0	0	0	0	0	0	0	0
28025	0	0	0	0	0	0	0	0	0	0	0
28225	0	0	0	0	0	0	0	0	0	0	0
28425	0	0	0	0	0	0	0	0	0	0	0
28625	0	0	0	0	0	0	0	0	0	0	0
28826	0	0	0	0	0	0	0	0	0	0	0
29026	0	0	0	0	0	0	0	0	0	0	0
29226	0	0	0	0	0	0	0	0	0	0	0
29426	0	0	0	0	0	0	0	0	0	0	0
29627	0	0	0	0	0	0	0	0	0	0	0
29827	0	0	0	0	0	0	0	0	0	0	0
30027	0	0	0	0	0	0	0	0	0	0	0
30227	0	0	0	0	0	0	0	0	0	0	0
30427	0	0	0	0	0	0	0	0	0	0	0
30628	0	0	0	0	0	0	0	0	0	0	0
30828	0	0	0	0	0	0	0	0	0	0	0
31028	0	0	0	0	0	0	0	0	0	0	0
31228	0	0	0	0	0	0	0	0	0	0	0
31429	0	0	0	0	0	0	0	0	0	0	0
31629	0	0	0	0	0	0	0	0	0	0	0
31829	0	0	0	0	0	0	0	0	0	0	0
32029	0	0	0	0	0	0	0	0	0	0	0
32229	0	0	0	0	0	0	0	0	0	0	0
32429	0	0	0	0	0	0	0	0	0	0	0
32630	0	0	0	0	0	0	0	0	0	0	0
32830	0	0	0	0	0	0	0	0	0	0	0
33030	0	0	0	0	0	0	0	0	0	0	0
33230	0	0	0	0	0	0	0	0	0	0	0
33430	0	0	0	0	0	0	0	0	0	0	0
33631	0	0	0	0	0	0	0	0	0	0	0
33831	0	0	0	0	0	0	0	0	0	0	0
34031	0	0	0	0	0	0	0	0	0	0	0
34231	0	0	0	0	0	0	0	0	0	0	0
34431	0	0	0	0	0	0	0	0	0	0	0
34632	0	0	0	0	0	0	0	0	0	0	0
34832	0	0	0	0	0	0	0	0	0	0	0
35032	0	0	0	0	0	0	0	0	0	0	0
35232	0	0	0	0	0	0	0	0	0	0	0
35432	0	0	0	0	0	0	0	0	0	0	0
35633	0	0	0	0	0	0	0	0	0	0	0
35833	0	0	0	0	0	0	0	0	0	0	0
36033	0	0	0	0	0	0	0	0	0	0	0
36233	0	0	0	0	0	0	0	0	0	0	0
36433	0	0	0	0	0	0	0	0	0	0	0
36634	0	0	0	0	0	0	0	0	0	0	0
36834	0	0	0	0	0	0	0	0	0	0	0
37034	0	0	0	0	0	0	0	0	0	0	0
37234	0	0	0	0	0	0	0	0	0	0	0
37434	0	0	0	0	0	0	0	0	0	0	0
37635	0	0	0	0	0	0	0	0	0	0	0
37835	0	0	0	0	0	0	0	0	0	0	0
38035	0	0	0	0	0	0	0	0	0	0	0
38235	0	0	0	0	0	0	0	0	0	0	0
38435	0	0	0	0	0	0	0	0	0	0	0
38635	0	0	0	0	0	0	0	0	0	0	0
38835	0	0	0	0	0	0	0	0	0	0	0
39036	0	0	0	0	0	0	0	0	0	0	0
39236	0	0	0	0	0	0	0	0	0	0	0
39436	0	0	0	0	0	0	0	0	0	0	0
39638	0	0	0	0	0	0	0	0	0	0	0
39838	0	0	0	0	0	0	0	0	0	0	0
40038	0	0	0	0	0	0	0	0	0	0	0
40238	0	0	0	0	0	0	0	0	0	0	0
40439	0	0	0	0	0	0	0	0	0	0	0
40639	0	0	0	0	0	0	0	0	0	0	0
40839	0	0	0	0	0	0	0	0	0	0	0
41039	0	0	0	0	0	0	0	0	0	0	0
41239	0	0	0	0	0	0	0	0	0	0	0
41439	0	0	0	0	0	0	0	0	0	0	0
41640	0	0	0	0	0	0	0	0	0	0	0
41840	0	0	0	0	0	0	0	0	0	0	0
42040	0	0	0	0	0	0	0	0	0	0	0
42240	0	0	0	0	0	0	0	0	0	0	0
42440	0	0	0	0	0	0	0	0	0	0	0
42640	0	0	0	0	0	0	0	0	0	0	0
42840	0	0	0	0	0	0	0	0	0	0	0
43041	0	0	0	0	0	0	0	0	0	0	0
43241	0	0	0	0	0	0	0	0	0	0	0
43441	0	0	0	0	0	0	0	0	0	0	0
43641	0	0	0	0	0	0	0	0	0	0	0
43841	0	0	0	0	0	0	0	0	0	0	0
44041	0	0	0	0	0	0	0	0	0	0	0
44242	0	0	0	0	0	0	0	0	0	0	0
44442	0	0	0	0	0	0	0	0	0	0	0
44642	0	0	0	0	0	0	0	0	0	0	0
44842	0	0	0	0	0	0	0	0	0	0	0
45042	0	0	0	0	0	0	0	0	0	0	0
45242	0	0	0	0	0	0	0	0	0	0	0
45443	0	0	0	0	0	0	0	0	0	0	0
45643	0	0	0	0	0	0	0	0	0	0	0
45843	0	0	0	0	0	0	0	0	0	0	0
46043	0	0	0	0	0	0	0	0	0	0	0
46243	0	0	0	0	0	0	0	0	0	0	0
46444	0	0	0	0	0	0	0	0	0	0	0
46644	0	0	0	0	0	0	0	0	0	0	0
46844	0	0	0	0	0	0	0	0	0	0	0
47044	0	0	0	0	0	0	0	0	0	0	0
47244	0	0	0	0	0	0	0	0	0	0	0
47445	0	0	0	0	0	0	0	0	0	0	0
47645	0	0	0	0	0	0	0	0	0	0	0
47845	0	0	0	0	0	0	0	0	0	0	0
48045	0	0	0	0	0	0	0	0	0	0	0
48245	0	0	0	0	0	0	0	0	0	0	0
48445	0	0	0	0	0	0	0	0	0	0	0
48646	0	0	0	0	0	0	0	0	0	0	0
48846	0	0	0	0	0	0	0	0	0	0	0
49046	0	0	0	0	0	0	0	0	0	0	0
49246	0	0	0	0	0	0	0	0	0	0	0
49446	0	0	0	0	0	0	0	0	0	0	0
49646	0	0	0	0	0	0	0	0	0	0	0
49847	0	0	0	0	0	0	0	0	0	0	0
50047	0	0	0	0	0	0	0	0	0	0	0
50247	0	0	0	0	0	0	0	0	0	0	0
50447	0	0	0	0	0	0	0	0	0	0	0
50647	0	0	0	0	0	0	0	0	0	0	0
50847	0	0	0	0	0	0	0	0	0	0	0
51048	0	0	0	0	0	0	0	0	0	0	0
51248	0	0	0	0	0	0	0	0	0	0	0
51448	0	0	0	0	0	0	0	0	0	0	0
51648	0	0	0	0	0	0	0	0	0	0	0
51848	0	0	0	0	0	0	0	0	0	0	0
52049	0	0	0	0	0	0	0	0	0	0	0
52249	0	0	0	0	0	0	0	0	0	0	0
52449	0	0	0	0	0	0	0	0	0	0	0
52649	0	0	0	0	0	0	0	0	0	0	0
52849	0	0	0	0	0	0	0	0	0	0	0
53049	0	0	0	0	0	0	0	0	0	0	0
53250	0	0	0	0	0	0	0	0	0	0	0
53450	0	0	0	0	0	0	0	0	0	0	0
53650	0	0	0	0	0	0	0	0	0	0	0
53850	0	0	0	0	0	0	0	0	0	0	0
54050	0	0	0	0	0	0	0	0	0	0	0
54250	0	0	0	0	0	0	0	0	0	0	0
54451	0	0	0	0	0	0	0	0	0	0	0
54651	0	0	0	0	0	0	0	0	0	0	0
54851	0	0	0	0	0	0	0	0	0	0	0
55051	0	0	0	0	0	0	0	0	0	0	0
55251	0	0	0	0	0	0	0	0	0	0	0
55452	0	0	0	0	0	0	0	0	0	0	0
55652	0	0	0	0	0	0	0	0	0	0	0
55852	0	0	0	0	0	0	0	0	0	0	0
56052	0	0	0	0	0	0	0	0	0	0	0
56252	0	0	0	0	0	0	0	0	0	0	0
56453	0	0	0	0	0	0	0	0	0	0	0
56653	0	0	0	0	0	0	0	0	0	0	0
56853	0	0	0	0	0	0	0	0	0	0	0
57053	0	0	0	0	0	0	0	0	0	0	0
57253	0	0	0	0	0	0	0	0	0	0	0
57454	0	0	0	0	0	0	0	0	0	0	0
57654	0	0	0	0	0	0	0	0	0	0	0
57854	0	0	0	0	0	0	0	0	0	0	0
58054	0	0	0	0	0	0	0	0	0	0	0
58254	0	0	0	0	0	0	0	0	0	0	0
58454	0	0	0	0	0	0	0	0	0	0	0
58655	0	0	0	0	0	0	0	0	0	0	0
58855	0	0	0	0	0	0	0	0	0	0	0
59055	0	0	0	0	0	0	0	0	0	0	0
59255	0	0	0	0	0	0	0	0	0	0	0
59455	0	0	0	0	0	0	0	0	0	0	0
59655	0	0	0	0	0	0	0	0	0	0	0
59855	0	0	0	0	0	0	0	0	0	0	0
60056	0	0	0	0	0	0	0	0	0	0	0
60256	0	0	0	0	0	0	0	0	0	0	0
60456	0	0	0	0	0	0	0	0	0	0	0
60656	0	0	0	0	0	0	0	0	0	0	0
60856	0	0	0	0	0	0	0	0	0	0	0
61057	0	0	0	0	0	0	0	0	0	0	0
61257	0	0	0	0	0	0	0	0	0	0	0
61457	0	0	0	0	0	0	0	0	0	0	0
61657	0	0	0	0	0	0	0	0	0	0	0
61857	0	0	0	0	0	0	0	0	0	0	0
62058	0	0	0	0	0	0	0	0	0	0	0
62258	0	0	0	0	0	0	0	0	0	0	0
62458	0	0	0	0	0	0	0	0	0	0	0
62659	0	0	0	0	0	0	0	0	0	0	0
62859	0	0	0	0	0	0	0	0	0	0	0
63059	0	0	0	0	0	0	0	0	0	0	0
63259	0	0	0	0	0	0	0	0	0	0	0
63459	0	0	0	0	0	0	0	0	0	0	0
63660	0	0	0	0	0	0	0	0	0	0	0
63860	0	0	0	0	0	0	0	0	0	0	0
64060	0	0	0	0	0	0	0	0	0	0	0
64260	0	0	0	0	0	0	0	0	0	0	0
64460	0	0	0	0	0	0	0	0	0	0	0
64660	0	0	0	0	0	0	0	0	0	0	0
64860	0	0	0	0	0	0	0	0	0	0	0
65060	0	0	0	0	0	0	0	0	0	0	0
65261	0	0	0	0	0	0	0	0	0	0	0
65461	0	0	0	0	0	0	0	0	0	0	0
65661	0	0	0	0	0	0	0	0	0	0	0
65862	0	0	0	0	0	0	0	0	0	0	0
66063	0	0	0	0	0	0	0	0	0	0	0
66263	0	0	0	0	0	0	0	0	0	0	0
66463	0	0	0	0	0	0	0	0	0	0	0
66663	0	0	0	0	0	0	0	0	0	0	0
66863	0	0	0	0	0	0	0	0	0	0	0
67063	0	0	0	0	0	0	0	0	0	0	0
67263	0	0	0	0	0	0	0	0	0	0	0
67464	0	0	0	0	0	0	0	0	0	0	0
67664	0	0	0	0	0	0	0	0	0	0	0
67864	0	0	0	0	0	0	0	0	0	0	0
68064	0	0	0	0	0	0	0	0	0	0	0
68264	0	0	0	0	0	0	0	0	0	0	0
68464	0	0	0	0	0	0	0	0	0	0	0
68664	0	0	0	0	0	0	0	0	0	0	0
68865	0	0	0	0	0	0	0	0	0	0	0
69065	0	0	0	0	0	0	0	0	0	0	0
69265	0	0	0	0	0	0	0	0	0	0	0
69465	0	0	0	0	0	0	0	0	0	0	0
69665	0	0	0	0	0	0	0	0	0	0	0
69865	0	0	0	0	0	0	0	0	0	0	0
70065	0	0	0	0	0	0	0	0	0	0	0
70265	0	0	0	0	0	0	0	0	0	0	0
70466	0	0	0	0	0	0	0	0	0	0	0
70666	0	0	0	0	0	0	0	0	0	0	0
70866	0	0	0	0	0	0	0	0	0	0	0
71066	0	0	0	0	0	0	0	0	0	0	0
71266	0	0	0	0	0	0	0	0	0	0	0
71466	0	0	0	0	0	0	0	0	0	0	0
71667	0	0	0	0	0	0	0	0	0	0	0
71867	0	0	0	0	0	0	0	0	0	0	0
72067	0	0	0	0	0	0	0	0	0	0	0
72267	0	0	0	0	0	0	0	0	0	0	0
72467	0	0	0	0	0	0	0	0	0	0	0
72667	0	0	0	0	0	0	0	0	0	0	0
72868	0	0	0	0	0	0	0	0	0	0	0
73068	0	0	0	0	0	0	0	0	0	0	0
73268	0	0	0	0	0	0	0	0	0	0	0
73468	0	0	0	0	0	0	0	0	0	0	0
73668	0	0	0	0	0	0	0	0	0	0	0
73868	0	0	0	0	0	0	0	0	0	0	0
74068	0	0	0	0	0	0	0	0	0	0	0
74269	0	0	0	0	0	0	0	0	0	0	0
74469	0	0	0	0	0	0	0	0	0	0	0
74669	0	0	0	0	0	0	0	0	0	0	0
74869	0	0	0	0	0	0	0	0	0	0	0
75069	0	0	0	0	0	0	0	0	0	0	0
75269	0	0	0	0	0	0	0	0	0	0	0
