% BatcherQueue	CReqBatcher	Replica-0-Forward	Replica-1-Forward	Replica-2-Forward	ReplicaIOSnd-0	ReplicaIOSnd-2	ReqManExec	pendingCReqs	pendingProposals	alpha
10204	0	0	0	0	0	0	0	0	0	0	0
10404	0	0	0	0	0	0	0	0	0	0	0
10605	0	0	0	0	0	0	0	0	0	0	0
10805	0	0	0	0	0	0	0	0	0	0	0
11005	0	0	0	0	0	0	0	0	0	0	0
11206	0	0	0	0	0	0	0	0	0	0	0
11406	0	0	0	0	0	0	0	0	0	0	0
11606	0	0	0	0	0	0	0	0	0	0	0
11807	0	0	0	0	0	0	0	0	0	0	0
12007	0	0	0	0	0	0	0	0	0	0	0
12207	0	0	0	0	0	0	0	0	0	0	0
12408	0	0	0	0	0	0	0	0	0	0	0
12608	0	0	0	0	0	0	0	0	0	0	0
12808	0	0	0	0	0	0	0	0	0	0	0
13008	0	0	0	0	0	0	0	0	0	0	0
13209	0	0	0	0	0	0	0	0	0	0	0
13409	0	0	0	0	0	0	0	0	0	0	0
13609	0	0	0	0	0	0	0	0	0	0	0
13809	0	0	0	0	0	0	0	0	0	0	0
14009	0	0	0	0	0	0	0	0	0	0	0
14210	0	0	0	0	0	0	0	0	0	0	0
14410	0	0	0	0	0	0	0	0	0	0	0
14610	0	0	0	0	0	0	0	0	0	0	0
14810	0	0	0	0	0	0	0	0	0	0	0
15011	0	0	0	0	0	0	0	0	0	0	0
15211	0	0	0	0	0	0	0	0	0	0	0
15411	0	0	0	0	0	0	0	0	0	0	0
15612	0	0	0	0	0	0	0	0	0	0	0
15812	0	0	0	0	0	0	0	0	0	0	0
16012	0	0	0	0	0	0	0	0	0	0	0
16212	0	0	0	0	0	0	0	0	0	0	0
16413	0	0	0	0	0	0	0	0	0	0	0
16613	0	0	0	0	0	0	0	0	0	0	0
16813	0	0	0	0	0	0	0	0	0	0	0
17013	0	0	0	0	0	0	0	0	0	0	0
17213	0	0	0	0	0	0	0	0	0	0	0
17414	0	0	0	0	0	0	0	0	0	0	0
17614	0	0	0	0	0	0	0	0	0	0	0
17814	0	0	0	0	0	0	0	0	0	0	0
18014	0	0	0	0	0	0	0	0	0	0	0
18215	0	0	0	0	0	0	0	0	0	0	0
18415	0	0	0	0	0	0	0	0	0	0	0
18615	0	0	0	0	0	0	0	0	0	0	0
18815	0	0	0	0	0	0	0	0	0	0	0
19016	0	0	0	0	0	0	0	0	0	0	0
19216	0	0	0	0	0	0	0	0	0	0	0
19416	0	0	0	0	0	0	0	0	0	0	0
19616	0	0	0	0	0	0	0	0	0	0	0
19817	0	0	0	0	0	0	0	0	0	0	0
20017	0	0	0	0	0	0	0	0	0	0	0
20217	0	0	0	0	0	0	0	0	0	0	0
20418	0	0	0	0	0	0	0	0	0	0	0
20618	0	0	0	0	0	0	0	0	0	0	0
20818	0	0	0	0	0	0	0	0	0	0	0
21018	0	0	0	0	0	0	0	0	0	0	0
21218	0	0	0	0	0	0	0	0	0	0	0
21419	0	0	0	0	0	0	0	0	0	0	0
21619	0	0	0	0	0	0	0	0	0	0	0
21819	0	0	0	0	0	0	0	0	0	0	0
22019	0	0	0	0	0	0	0	0	0	0	0
22220	0	0	0	0	0	0	0	0	0	0	0
22420	0	0	0	0	0	0	0	0	0	0	0
22620	0	0	0	0	0	0	0	0	0	0	0
22820	0	0	0	0	0	0	0	0	0	0	0
23021	0	0	0	0	0	0	0	0	0	0	0
23221	0	0	0	0	0	0	0	0	0	0	0
23421	0	0	0	0	0	0	0	0	0	0	0
23621	0	0	0	0	0	0	0	0	0	0	0
23822	0	0	0	0	0	0	0	0	0	0	0
24022	0	0	0	0	0	0	0	0	0	0	0
24222	0	0	0	0	0	0	0	0	0	0	0
24422	0	0	0	0	0	0	0	0	0	0	0
24622	0	0	0	0	0	0	0	0	0	0	0
24823	0	0	0	0	0	0	0	0	0	0	0
25023	0	0	0	0	0	0	0	0	0	0	0
25223	0	0	0	0	0	0	0	0	0	0	0
25423	0	0	0	0	0	0	0	0	0	0	0
25624	0	0	0	0	0	0	0	0	0	0	0
25824	0	0	0	0	0	0	0	0	0	0	0
26024	0	0	0	0	0	0	0	0	0	0	0
26224	0	0	0	0	0	0	0	0	0	0	0
26424	0	0	0	0	0	0	0	0	0	0	0
26625	0	0	0	0	0	0	0	0	0	0	0
26825	0	0	0	0	0	0	0	0	0	0	0
27025	0	0	0	0	0	0	0	0	0	0	0
27225	0	0	0	0	0	0	0	0	0	0	0
27425	0	0	0	0	0	0	0	0	0	0	0
27625	0	0	0	0	0	0	0	0	0	0	0
27826	0	0	0	0	0	0	0	0	0	0	0
28026	0	0	0	0	0	0	0	0	0	0	0
28226	0	0	0	0	0	0	0	0	0	0	0
28426	0	0	0	0	0	0	0	0	0	0	0
28627	0	0	0	0	0	0	0	0	0	0	0
28827	0	0	0	0	0	0	0	0	0	0	0
29027	0	0	0	0	0	0	0	0	0	0	0
29227	0	0	0	0	0	0	0	0	0	0	0
29427	0	0	0	0	0	0	0	0	0	0	0
29628	0	0	0	0	0	0	0	0	0	0	0
29828	0	0	0	0	0	0	0	0	0	0	0
30028	0	0	0	0	0	0	0	0	0	0	0
30228	0	0	0	0	0	0	0	0	0	0	0
30428	0	0	0	0	0	0	0	0	0	0	0
30629	0	0	0	0	0	0	0	0	0	0	0
30829	0	0	0	0	0	0	0	0	0	0	0
31029	0	0	0	0	0	0	0	0	0	0	0
31229	0	0	0	0	0	0	0	0	0	0	0
31429	0	0	0	0	0	0	0	0	0	0	0
31630	0	0	0	0	0	0	0	0	0	0	0
31830	0	0	0	0	0	0	0	0	0	0	0
32030	0	0	0	0	0	0	0	0	0	0	0
32230	0	0	0	0	0	0	0	0	0	0	0
32430	0	0	0	0	0	0	0	0	0	0	0
32630	0	0	0	0	0	0	0	0	0	0	0
32831	0	0	0	0	0	0	0	0	0	0	0
33031	0	0	0	0	0	0	0	0	0	0	0
33231	0	0	0	0	0	0	0	0	0	0	0
33431	0	0	0	0	0	0	0	0	0	0	0
33631	0	0	0	0	0	0	0	0	0	0	0
33832	0	0	0	0	0	0	0	0	0	0	0
34032	0	0	0	0	0	0	0	0	0	0	0
34232	0	0	0	0	0	0	0	0	0	0	0
34432	0	0	0	0	0	0	0	0	0	0	0
34632	0	0	0	0	0	0	0	0	0	0	0
34833	0	0	0	0	0	0	0	0	0	0	0
35033	0	0	0	0	0	0	0	0	0	0	0
35233	0	0	0	0	0	0	0	0	0	0	0
35433	0	0	0	0	0	0	0	0	0	0	0
35633	0	0	0	0	0	0	0	0	0	0	0
35833	0	0	0	0	0	0	0	0	0	0	0
36034	0	0	0	0	0	0	0	0	0	0	0
36234	0	0	0	0	0	0	0	0	0	0	0
36434	0	0	0	0	0	0	0	0	0	0	0
36634	0	0	0	0	0	0	0	0	0	0	0
36834	0	0	0	0	0	0	0	0	0	0	0
37035	0	0	0	0	0	0	0	0	0	0	0
37235	0	0	0	0	0	0	0	0	0	0	0
37435	0	0	0	0	0	0	0	0	0	0	0
37635	0	0	0	0	0	0	0	0	0	0	0
37835	0	0	0	0	0	0	0	0	0	0	0
38036	0	0	0	0	0	0	0	0	0	0	0
38236	0	0	0	0	0	0	0	0	0	0	0
38436	0	0	0	0	0	0	0	0	0	0	0
38636	0	0	0	0	0	0	0	0	0	0	0
38836	0	0	0	0	0	0	0	0	0	0	0
39037	0	0	0	0	0	0	0	0	0	0	0
39237	0	0	0	0	0	0	0	0	0	0	0
39437	0	0	0	0	0	0	0	0	0	0	0
39637	0	0	0	0	0	0	0	0	0	0	0
39837	0	0	0	0	0	0	0	0	0	0	0
40038	0	0	0	0	0	0	0	0	0	0	0
40238	0	0	0	0	0	0	0	0	0	0	0
40438	0	0	0	0	0	0	0	0	0	0	0
40638	0	0	0	0	0	0	0	0	0	0	0
40838	0	0	0	0	0	0	0	0	0	0	0
41039	0	0	0	0	0	0	0	0	0	0	0
41239	0	0	0	0	0	0	0	0	0	0	0
41439	0	0	0	0	0	0	0	0	0	0	0
41639	0	0	0	0	0	0	0	0	0	0	0
41839	0	0	0	0	0	0	0	0	0	0	0
42040	0	0	0	0	0	0	0	0	0	0	0
42240	0	0	0	0	0	0	0	0	0	0	0
42440	0	0	0	0	0	0	0	0	0	0	0
42640	0	0	0	0	0	0	0	0	0	0	0
42840	0	0	0	0	0	0	0	0	0	0	0
43040	0	0	0	0	0	0	0	0	0	0	0
43241	0	0	0	0	0	0	0	0	0	0	0
43441	0	0	0	0	0	0	0	0	0	0	0
43641	0	0	0	0	0	0	0	0	0	0	0
43841	0	0	0	0	0	0	0	0	0	0	0
44041	0	0	0	0	0	0	0	0	0	0	0
44242	0	0	0	0	0	0	0	0	0	0	0
44442	0	0	0	0	0	0	0	0	0	0	0
44642	0	0	0	0	0	0	0	0	0	0	0
44842	0	0	0	0	0	0	0	0	0	0	0
45043	0	0	0	0	0	0	0	0	0	0	0
45243	0	0	0	0	0	0	0	0	0	0	0
45443	0	0	0	0	0	0	0	0	0	0	0
45643	0	0	0	0	0	0	0	0	0	0	0
45843	0	0	0	0	0	0	0	0	0	0	0
46044	0	0	0	0	0	0	0	0	0	0	0
46244	0	0	0	0	0	0	0	0	0	0	0
46444	0	0	0	0	0	0	0	0	0	0	0
46644	0	0	0	0	0	0	0	0	0	0	0
46845	0	0	0	0	0	0	0	0	0	0	0
47045	0	0	0	0	0	0	0	0	0	0	0
47245	0	0	0	0	0	0	0	0	0	0	0
47445	0	0	0	0	0	0	0	0	0	0	0
47645	0	0	0	0	0	0	0	0	0	0	0
47845	0	0	0	0	0	0	0	0	0	0	0
48045	0	0	0	0	0	0	0	0	0	0	0
48246	0	0	0	0	0	0	0	0	0	0	0
48446	0	0	0	0	0	0	0	0	0	0	0
48646	0	0	0	0	0	0	0	0	0	0	0
48846	0	0	0	0	0	0	0	0	0	0	0
49046	0	0	0	0	0	0	0	0	0	0	0
49247	0	0	0	0	0	0	0	0	0	0	0
49447	0	0	0	0	0	0	0	0	0	0	0
49647	0	0	0	0	0	0	0	0	0	0	0
49847	0	0	0	0	0	0	0	0	0	0	0
50047	0	0	0	0	0	0	0	0	0	0	0
50247	0	0	0	0	0	0	0	0	0	0	0
50448	0	0	0	0	0	0	0	0	0	0	0
50648	0	0	0	0	0	0	0	0	0	0	0
50848	0	0	0	0	0	0	0	0	0	0	0
51048	0	0	0	0	0	0	0	0	0	0	0
51248	0	0	0	0	0	0	0	0	0	0	0
51448	0	0	0	0	0	0	0	0	0	0	0
51649	0	0	0	0	0	0	0	0	0	0	0
51849	0	0	0	0	0	0	0	0	0	0	0
52049	0	0	0	0	0	0	0	0	0	0	0
52249	0	0	0	0	0	0	0	0	0	0	0
52449	0	0	0	0	0	0	0	0	0	0	0
52649	0	0	0	0	0	0	0	0	0	0	0
52850	0	0	0	0	0	0	0	0	0	0	0
53050	0	0	0	0	0	0	0	0	0	0	0
53250	0	0	0	0	0	0	0	0	0	0	0
53450	0	0	0	0	0	0	0	0	0	0	0
53650	0	0	0	0	0	0	0	0	0	0	0
53850	0	0	0	0	0	0	0	0	0	0	0
54051	0	0	0	0	0	0	0	0	0	0	0
54251	0	0	0	0	0	0	0	0	0	0	0
54451	0	0	0	0	0	0	0	0	0	0	0
54651	0	0	0	0	0	0	0	0	0	0	0
54851	0	0	0	0	0	0	0	0	0	0	0
55052	0	0	0	0	0	0	0	0	0	0	0
55252	0	0	0	0	0	0	0	0	0	0	0
55452	0	0	0	0	0	0	0	0	0	0	0
55652	0	0	0	0	0	0	0	0	0	0	0
55852	0	0	0	0	0	0	0	0	0	0	0
56053	0	0	0	0	0	0	0	0	0	0	0
56253	0	0	0	0	0	0	0	0	0	0	0
56453	0	0	0	0	0	0	0	0	0	0	0
56653	0	0	0	0	0	0	0	0	0	0	0
56853	0	0	0	0	0	0	0	0	0	0	0
57053	0	0	0	0	0	0	0	0	0	0	0
57253	0	0	0	0	0	0	0	0	0	0	0
57454	0	0	0	0	0	0	0	0	0	0	0
57654	0	0	0	0	0	0	0	0	0	0	0
57854	0	0	0	0	0	0	0	0	0	0	0
58054	0	0	0	0	0	0	0	0	0	0	0
58254	0	0	0	0	0	0	0	0	0	0	0
58454	0	0	0	0	0	0	0	0	0	0	0
58655	0	0	0	0	0	0	0	0	0	0	0
58855	0	0	0	0	0	0	0	0	0	0	0
59055	0	0	0	0	0	0	0	0	0	0	0
59255	0	0	0	0	0	0	0	0	0	0	0
59455	0	0	0	0	0	0	0	0	0	0	0
59655	0	0	0	0	0	0	0	0	0	0	0
59855	0	0	0	0	0	0	0	0	0	0	0
60055	0	0	0	0	0	0	0	0	0	0	0
60256	0	0	0	0	0	0	0	0	0	0	0
60456	0	0	0	0	0	0	0	0	0	0	0
60656	0	0	0	0	0	0	0	0	0	0	0
60858	0	0	0	0	0	0	0	0	0	0	0
61058	0	0	0	0	0	0	0	0	0	0	0
61258	0	0	0	0	0	0	0	0	0	0	0
61458	0	0	0	0	0	0	0	0	0	0	0
61659	0	0	0	0	0	0	0	0	0	0	0
61859	0	0	0	0	0	0	0	0	0	0	0
62059	0	0	0	0	0	0	0	0	0	0	0
62259	0	0	0	0	0	0	0	0	0	0	0
62459	0	0	0	0	0	0	0	0	0	0	0
62660	0	0	0	0	0	0	0	0	0	0	0
62860	0	0	0	0	0	0	0	0	0	0	0
63060	0	0	0	0	0	0	0	0	0	0	0
63260	0	0	0	0	0	0	0	0	0	0	0
63460	0	0	0	0	0	0	0	0	0	0	0
63660	0	0	0	0	0	0	0	0	0	0	0
63860	0	0	0	0	0	0	0	0	0	0	0
64061	0	0	0	0	0	0	0	0	0	0	0
64261	0	0	0	0	0	0	0	0	0	0	0
64461	0	0	0	0	0	0	0	0	0	0	0
64661	0	0	0	0	0	0	0	0	0	0	0
64861	0	0	0	0	0	0	0	0	0	0	0
65061	0	0	0	0	0	0	0	0	0	0	0
65261	0	0	0	0	0	0	0	0	0	0	0
65462	0	0	0	0	0	0	0	0	0	0	0
65662	0	0	0	0	0	0	0	0	0	0	0
65862	0	0	0	0	0	0	0	0	0	0	0
66062	0	0	0	0	0	0	0	0	0	0	0
66262	0	0	0	0	0	0	0	0	0	0	0
66463	0	0	0	0	0	0	0	0	0	0	0
66663	0	0	0	0	0	0	0	0	0	0	0
66863	0	0	0	0	0	0	0	0	0	0	0
67063	0	0	0	0	0	0	0	0	0	0	0
67263	0	0	0	0	0	0	0	0	0	0	0
67463	0	0	0	0	0	0	0	0	0	0	0
67664	0	0	0	0	0	0	0	0	0	0	0
67864	0	0	0	0	0	0	0	0	0	0	0
68064	0	0	0	0	0	0	0	0	0	0	0
68264	0	0	0	0	0	0	0	0	0	0	0
